Build started 12/9/2015 11:21:35 AM.
     1>Project "c:\Users\matta_000\documents\visual studio 2015\Projects\STL\STL\STL.vcxproj" on node 2 (Build target(s)).
     1>ClCompile:
         C:\Program Files (x86)\Microsoft Visual Studio 14.0\VC\bin\CL.exe /c /ZI /nologo /W3 /WX- /sdl /Od /Oy- /D WIN32 /D _DEBUG /D _CONSOLE /D _UNICODE /D UNICODE /Gm /EHsc /RTC1 /MDd /GS /fp:precise /Zc:wchar_t /Zc:forScope /Zc:inline /Fo"Debug\\" /Fd"Debug\vc140.pdb" /Gd /TP /analyze- /errorReport:prompt stl.cpp
         stl.cpp
     1>c:\users\matta_000\documents\visual studio 2015\projects\stl\stl\stl.cpp(9): error C2059: syntax error: 'for'
     1>c:\users\matta_000\documents\visual studio 2015\projects\stl\stl\stl.cpp(9): error C2143: syntax error: missing ')' before ';'
     1>c:\users\matta_000\documents\visual studio 2015\projects\stl\stl\stl.cpp(9): error C2143: syntax error: missing ';' before '!='
     1>c:\users\matta_000\documents\visual studio 2015\projects\stl\stl\stl.cpp(9): error C4430: missing type specifier - int assumed. Note: C++ does not support default-int
     1>c:\users\matta_000\documents\visual studio 2015\projects\stl\stl\stl.cpp(9): error C2059: syntax error: '++'
     1>c:\users\matta_000\documents\visual studio 2015\projects\stl\stl\stl.cpp(9): error C2059: syntax error: ')'
     1>c:\users\matta_000\documents\visual studio 2015\projects\stl\stl\stl.cpp(9): error C2143: syntax error: missing ';' before '{'
     1>c:\users\matta_000\documents\visual studio 2015\projects\stl\stl\stl.cpp(9): error C2447: '{': missing function header (old-style formal list?)
     1>Done Building Project "c:\Users\matta_000\documents\visual studio 2015\Projects\STL\STL\STL.vcxproj" (Build target(s)) -- FAILED.

Build FAILED.

Time Elapsed 00:00:04.76
